[35m[Appium][39m Welcome to Appium v1.17.1
[35m[Appium][39m Non-default server args:
[35m[Appium][39m   port: 54811
[35m[Appium][39m   loglevel: info
[35m[Appium][39m   tmpDir: C:\Users\benja\AppData\Local\Temp\\Katalon\Appium\Temp1598838035195
[35m[Appium][39m   chromedriverPort: 54812
[35m[Appium][39m Deprecated server args:
[35m[Appium][39m   [31m--chromedriver-port[39m => --default-capabilities '{"chromedriverPort":54812}'
[35m[Appium][39m Default capabilities, which will be added to each request unless overridden by desired capabilities:
[35m[Appium][39m   chromedriverPort: 54812
[35m[Appium][39m Appium REST http interface listener started on 0.0.0.0:54811
[35m[HTTP][39m [37m-->[39m [37mGET[39m [37m/wd/hub/status[39m
[35m[HTTP][39m [90m{}[39m
[35m[HTTP][39m [37m<-- GET /wd/hub/status [39m[32m200[39m [90m16 ms - 68[39m
[35m[HTTP][39m [90m[39m
[35m[HTTP][39m [37m-->[39m [37mGET[39m [37m/wd/hub/status[39m
[35m[HTTP][39m [90m{}[39m
[35m[HTTP][39m [37m<-- GET /wd/hub/status [39m[32m200[39m [90m3 ms - 68[39m
[35m[HTTP][39m [90m[39m
[35m[HTTP][39m [37m-->[39m [37mPOST[39m [37m/wd/hub/session[39m
[35m[HTTP][39m [90m{"desiredCapabilities":{"app":"C:\\Users\\benja\\Downloads\\app-0.0.103-dev-202008281110.apk","noReset":true,"deviceName":"samsung SM-A805F (Android 10)","fullReset":false,"platform":"ANDROID","newCommandTimeout":1800,"platformVersion":"10","automationName":"uiautomator2","autoGrantPermissions":true,"platformName":"Android","udid":"RR8M708KZKF","systemPort":54824},"capabilities":{"firstMatch":[{"appium:app":"C:\\Users\\benja\\Downloads\\app-0.0.103-dev-202008281110.apk","appium:autoGrantPermissions":true,"appium:automationName":"uiautomator2","appium:deviceName":"samsung SM-A805F (Android 10)","appium:fullReset":false,"appium:newCommandTimeout":1800,"appium:noReset":true,"platform":"ANDROID","platformName":"android","appium:platformVersion":"10","appium:systemPort":54824,"appium:udid":"RR8M708KZKF"}]}}[39m
[35m[BaseDriver][39m The following capabilities are not standard capabilities and should have an extension prefix:
[35m[BaseDriver][39m   platform
[35m[BaseDriver][39m   chromedriverPort
[35m[Appium][39m Appium v1.17.1 creating new AndroidUiautomator2Driver (v1.44.2) session
[35m[BaseDriver][39m The following capabilities were provided, but are not recognized by Appium:
[35m[BaseDriver][39m   platform
[35m[BaseDriver][39m Session created with session id: 7153ab52-6ff3-4422-8482-c8b5e6bd6f04
[35m[BaseDriver][39m Using local app 'C:\Users\benja\Downloads\app-0.0.103-dev-202008281110.apk'
[35m[ADB][39m Found 1 'build-tools' folders under 'C:\Users\benja\.katalon\tools\android_sdk' (newest first):
[35m[ADB][39m     C:/Users/benja/.katalon/tools/android_sdk/build-tools/29.0.3
[35m[ADB][39m Using 'adb.exe' from 'C:\Users\benja\.katalon\tools\android_sdk\platform-tools\adb.exe'
[35m[AndroidDriver][39m Retrieving device list
[35m[AndroidDriver][39m Using device: RR8M708KZKF
[35m[ADB][39m Using 'adb.exe' from 'C:\Users\benja\.katalon\tools\android_sdk\platform-tools\adb.exe'
[35m[ADB][39m Getting device platform version
[35m[UiAutomator2][39m Relaxing hidden api policy
[35m[ADB][39m Package name: 'com.sinarmasland.rnd.mobileerec.external.dev'
[35m[ADB][39m Main activity name: 'com.sinarmasland.rnd.mobileerec.external.view.SplashActivity'
[35m[ADB][39m Using 'apksigner.jar' from 'C:\Users\benja\.katalon\tools\android_sdk\build-tools\29.0.3\lib\apksigner.jar'
[35m[UiAutomator2][39m Server packages are not going to be (re)installed
[35m[ADB][39m The application at 'C:\Users\benja\Downloads\app-0.0.103-dev-202008281110.apk' will not be cached, because the device under test has confirmed the support of streamed installs
[35m[ADB][39m The installation of 'app-0.0.103-dev-202008281110.apk' took 3283ms
[35m[UiAutomator2][39m Starting UIAutomator2 server 4.5.5
[35m[UiAutomator2][39m Using UIAutomator2 server from 'C:\Users\benja\AppData\Roaming\npm\node_modules\appium\node_modules\appium-uiautomator2-server\apks\appium-uiautomator2-server-v4.5.5.apk' and test from 'C:\Users\benja\AppData\Roaming\npm\node_modules\appium\node_modules\appium-uiautomator2-server\apks\appium-uiautomator2-server-debug-androidTest.apk'
[35m[UiAutomator2][39m Waiting up to 30000ms for UiAutomator2 to be online...
[35m[WD Proxy][39m Got response with unknown status: {"code":"ECONNRESET"}
[35m[WD Proxy][39m Got response with unknown status: {"code":"ECONNRESET"}
[35m[WD Proxy][39m Determined the downstream protocol as 'W3C'
[35m[AndroidDriver][39m Screen already unlocked, doing nothing
[35m[UiAutomator2][39m Starting 'com.sinarmasland.rnd.mobileerec.external.dev/com.sinarmasland.rnd.mobileerec.external.view.SplashActivity and waiting for 'com.sinarmasland.rnd.mobileerec.external.dev/com.sinarmasland.rnd.mobileerec.external.view.SplashActivity'
[35m[Appium][39m New AndroidUiautomator2Driver session created successfully, session 7153ab52-6ff3-4422-8482-c8b5e6bd6f04 added to master session list
[35m[HTTP][39m [37m<-- POST /wd/hub/session [39m[32m200[39m [90m25172 ms - 1302[39m
[35m[HTTP][39m [90m[39m
[35m[HTTP][39m [37m-->[39m [37mGET[39m [37m/wd/hub/session/7153ab52-6ff3-4422-8482-c8b5e6bd6f04[39m
[35m[HTTP][39m [90m{}[39m
[35m[HTTP][39m [37m<-- GET /wd/hub/session/7153ab52-6ff3-4422-8482-c8b5e6bd6f04 [39m[32m200[39m [90m23 ms - 1234[39m
[35m[HTTP][39m [90m[39m
[35m[HTTP][39m [37m-->[39m [37mGET[39m [37m/wd/hub/session/7153ab52-6ff3-4422-8482-c8b5e6bd6f04[39m
[35m[HTTP][39m [90m{}[39m
[35m[HTTP][39m [37m<-- GET /wd/hub/session/7153ab52-6ff3-4422-8482-c8b5e6bd6f04 [39m[32m200[39m [90m17 ms - 1234[39m
[35m[HTTP][39m [90m[39m
[35m[HTTP][39m [37m-->[39m [37mGET[39m [37m/wd/hub/status[39m
[35m[HTTP][39m [90m{}[39m
[35m[HTTP][39m [37m<-- GET /wd/hub/status [39m[32m200[39m [90m3 ms - 68[39m
[35m[HTTP][39m [90m[39m
[35m[HTTP][39m [37m-->[39m [37mPOST[39m [37m/wd/hub/session/7153ab52-6ff3-4422-8482-c8b5e6bd6f04/timeouts[39m
[35m[HTTP][39m [90m{"implicit":60000}[39m
[35m[HTTP][39m [37m<-- POST /wd/hub/session/7153ab52-6ff3-4422-8482-c8b5e6bd6f04/timeouts [39m[32m200[39m [90m12 ms - 14[39m
[35m[HTTP][39m [90m[39m
[35m[HTTP][39m [37m-->[39m [37mGET[39m [37m/wd/hub/session/7153ab52-6ff3-4422-8482-c8b5e6bd6f04/source[39m
[35m[HTTP][39m [90m{}[39m
[35m[W3C (7153ab52)][39m Driver proxy active, passing request on via HTTP proxy
[35m[WD Proxy][39m Replacing sessionId fddbd16e-3306-4395-b456-129d32188685 with 7153ab52-6ff3-4422-8482-c8b5e6bd6f04
[35m[HTTP][39m [37m<-- GET /wd/hub/session/7153ab52-6ff3-4422-8482-c8b5e6bd6f04/source [39m[32m200[39m [90m66 ms - 3931[39m
[35m[HTTP][39m [90m[39m
[35m[HTTP][39m [37m-->[39m [37mGET[39m [37m/wd/hub/session/7153ab52-6ff3-4422-8482-c8b5e6bd6f04/screenshot[39m
[35m[HTTP][39m [90m{}[39m
[35m[HTTP][39m [37m<-- GET /wd/hub/session/7153ab52-6ff3-4422-8482-c8b5e6bd6f04/screenshot [39m[32m200[39m [90m474 ms - 105460[39m
[35m[HTTP][39m [90m[39m
[35m[HTTP][39m [37m-->[39m [37mGET[39m [37m/wd/hub/session/7153ab52-6ff3-4422-8482-c8b5e6bd6f04/source[39m
[35m[HTTP][39m [90m{}[39m
[35m[W3C (7153ab52)][39m Driver proxy active, passing request on via HTTP proxy
[35m[WD Proxy][39m Replacing sessionId fddbd16e-3306-4395-b456-129d32188685 with 7153ab52-6ff3-4422-8482-c8b5e6bd6f04
[35m[HTTP][39m [37m<-- GET /wd/hub/session/7153ab52-6ff3-4422-8482-c8b5e6bd6f04/source [39m[32m200[39m [90m427 ms - 27358[39m
[35m[HTTP][39m [90m[39m
[35m[HTTP][39m [37m-->[39m [37mGET[39m [37m/wd/hub/session/7153ab52-6ff3-4422-8482-c8b5e6bd6f04/screenshot[39m
[35m[HTTP][39m [90m{}[39m
[35m[HTTP][39m [37m<-- GET /wd/hub/session/7153ab52-6ff3-4422-8482-c8b5e6bd6f04/screenshot [39m[32m200[39m [90m1215 ms - 1771398[39m
[35m[HTTP][39m [90m[39m
[35m[HTTP][39m [37m-->[39m [37mGET[39m [37m/wd/hub/session/7153ab52-6ff3-4422-8482-c8b5e6bd6f04/source[39m
[35m[HTTP][39m [90m{}[39m
[35m[W3C (7153ab52)][39m Driver proxy active, passing request on via HTTP proxy
[35m[WD Proxy][39m Replacing sessionId fddbd16e-3306-4395-b456-129d32188685 with 7153ab52-6ff3-4422-8482-c8b5e6bd6f04
[35m[HTTP][39m [37m<-- GET /wd/hub/session/7153ab52-6ff3-4422-8482-c8b5e6bd6f04/source [39m[32m200[39m [90m111 ms - 7562[39m
[35m[HTTP][39m [90m[39m
[35m[HTTP][39m [37m-->[39m [37mGET[39m [37m/wd/hub/session/7153ab52-6ff3-4422-8482-c8b5e6bd6f04/screenshot[39m
[35m[HTTP][39m [90m{}[39m
[35m[HTTP][39m [37m<-- GET /wd/hub/session/7153ab52-6ff3-4422-8482-c8b5e6bd6f04/screenshot [39m[32m200[39m [90m536 ms - 221796[39m
[35m[HTTP][39m [90m[39m
[35m[HTTP][39m [37m-->[39m [37mDELETE[39m [37m/wd/hub/session/7153ab52-6ff3-4422-8482-c8b5e6bd6f04[39m
[35m[HTTP][39m [90m{}[39m
[35m[Appium][39m Removing session 7153ab52-6ff3-4422-8482-c8b5e6bd6f04 from our master session list
[35m[UiAutomator2][39m Restoring hidden api policy to the device default configuration
[35m[HTTP][39m [37m<-- DELETE /wd/hub/session/7153ab52-6ff3-4422-8482-c8b5e6bd6f04 [39m[32m200[39m [90m1146 ms - 14[39m
